0 info it worked if it ends with ok
1 verbose cli [ 'node', '/usr/local/bin/npm', 'install', 'jasmine-node' ]
2 info using npm@2.7.4
3 info using node@v0.12.2
4 silly cache add args [ 'jasmine-node', null ]
5 verbose cache add spec jasmine-node
6 silly cache add parsed spec { raw: 'jasmine-node',
6 silly cache add   scope: null,
6 silly cache add   name: 'jasmine-node',
6 silly cache add   rawSpec: '',
6 silly cache add   spec: '*',
6 silly cache add   type: 'range' }
7 verbose addNamed jasmine-node@*
8 silly addNamed semver.valid null
9 silly addNamed semver.validRange *
10 silly addNameRange { name: 'jasmine-node', range: '*', hasData: false }
11 silly mapToRegistry name jasmine-node
12 silly mapToRegistry using default registry
13 silly mapToRegistry registry https://registry.npmjs.org/
14 silly mapToRegistry uri https://registry.npmjs.org/jasmine-node
15 verbose addNameRange registry:https://registry.npmjs.org/jasmine-node not in flight; fetching
16 verbose request uri https://registry.npmjs.org/jasmine-node
17 verbose request no auth needed
18 info attempt registry request try #1 at 11:03:24 AM
19 verbose request id 7f3a51f9269344e8
20 verbose etag "EQ6GJUADSEGWQSCMZ2XOPE4VY"
21 http request GET https://registry.npmjs.org/jasmine-node
22 http 304 https://registry.npmjs.org/jasmine-node
23 silly get cb [ 304,
23 silly get   { date: 'Fri, 22 May 2015 17:03:23 GMT',
23 silly get     via: '1.1 varnish',
23 silly get     'cache-control': 'max-age=60',
23 silly get     etag: '"EQ6GJUADSEGWQSCMZ2XOPE4VY"',
23 silly get     age: '15',
23 silly get     connection: 'keep-alive',
23 silly get     'x-served-by': 'cache-sjc3120-SJC',
23 silly get     'x-cache': 'HIT',
23 silly get     'x-cache-hits': '1',
23 silly get     'x-timer': 'S1432314203.791457,VS0,VE0',
23 silly get     vary: 'Accept' } ]
24 verbose etag https://registry.npmjs.org/jasmine-node from cache
25 verbose get saving jasmine-node to /Users/ericdowty/.npm/registry.npmjs.org/jasmine-node/.cache.json
26 silly addNameRange number 2 { name: 'jasmine-node', range: '*', hasData: true }
27 silly addNameRange versions [ 'jasmine-node',
27 silly addNameRange   [ '1.0.1',
27 silly addNameRange     '1.0.2',
27 silly addNameRange     '1.0.3',
27 silly addNameRange     '1.0.4',
27 silly addNameRange     '1.0.5',
27 silly addNameRange     '1.0.6',
27 silly addNameRange     '1.0.7',
27 silly addNameRange     '1.0.8',
27 silly addNameRange     '1.0.9',
27 silly addNameRange     '1.0.10',
27 silly addNameRange     '1.0.11',
27 silly addNameRange     '1.0.12',
27 silly addNameRange     '1.0.13',
27 silly addNameRange     '1.0.15',
27 silly addNameRange     '1.0.16',
27 silly addNameRange     '1.0.17',
27 silly addNameRange     '1.0.18',
27 silly addNameRange     '1.0.19',
27 silly addNameRange     '1.0.20',
27 silly addNameRange     '1.0.21',
27 silly addNameRange     '1.0.22',
27 silly addNameRange     '1.0.23',
27 silly addNameRange     '1.0.24',
27 silly addNameRange     '1.0.25',
27 silly addNameRange     '1.0.26',
27 silly addNameRange     '1.0.27',
27 silly addNameRange     '1.0.28',
27 silly addNameRange     '1.1.0',
27 silly addNameRange     '1.2.0',
27 silly addNameRange     '1.2.1',
27 silly addNameRange     '1.2.2',
27 silly addNameRange     '1.2.3',
27 silly addNameRange     '1.3.0',
27 silly addNameRange     '1.3.1',
27 silly addNameRange     '1.4.0',
27 silly addNameRange     '1.5.0',
27 silly addNameRange     '1.6.0',
27 silly addNameRange     '1.7.0',
27 silly addNameRange     '1.7.1',
27 silly addNameRange     '1.8.0',
27 silly addNameRange     '1.8.1',
27 silly addNameRange     '1.9.0',
27 silly addNameRange     '1.9.1',
27 silly addNameRange     '1.10.0',
27 silly addNameRange     '1.10.1',
27 silly addNameRange     '1.10.2',
27 silly addNameRange     '1.11.0',
27 silly addNameRange     '1.12.0',
27 silly addNameRange     '1.12.1',
27 silly addNameRange     '1.13.0',
27 silly addNameRange     '1.13.1',
27 silly addNameRange     '1.14.0',
27 silly addNameRange     '1.14.1',
27 silly addNameRange     '2.0.0',
27 silly addNameRange     '1.14.2',
27 silly addNameRange     '2.0.0-beta1',
27 silly addNameRange     '2.0.0-beta2',
27 silly addNameRange     '2.0.0-beta3',
27 silly addNameRange     '1.14.3',
27 silly addNameRange     '2.0.0-beta4',
27 silly addNameRange     '1.14.4',
27 silly addNameRange     '1.14.5',
27 silly addNameRange     '1.0.0-rc1',
27 silly addNameRange     '1.0.0-rc2',
27 silly addNameRange     '1.0.0-rc3' ] ]
28 verbose addNamed jasmine-node@1.14.5
29 silly addNamed semver.valid 1.14.5
30 silly addNamed semver.validRange 1.14.5
31 silly cache afterAdd jasmine-node@1.14.5
32 verbose afterAdd /Users/ericdowty/.npm/jasmine-node/1.14.5/package/package.json not in flight; writing
33 verbose afterAdd /Users/ericdowty/.npm/jasmine-node/1.14.5/package/package.json written
34 silly install resolved [ { name: 'jasmine-node',
34 silly install resolved     version: '1.14.5',
34 silly install resolved     description: 'DOM-less simple JavaScript BDD testing framework for Node',
34 silly install resolved     contributors: [ [Object] ],
34 silly install resolved     homepage: 'https://github.com/mhevery/jasmine-node',
34 silly install resolved     repository:
34 silly install resolved      { type: 'git',
34 silly install resolved        url: 'https://github.com/mhevery/jasmine-node.git' },
34 silly install resolved     keywords: [ 'testing', 'bdd' ],
34 silly install resolved     author: { name: 'Misko Hevery', email: 'misko@hevery.com' },
34 silly install resolved     maintainers: [ [Object], [Object] ],
34 silly install resolved     licenses: [ 'MIT' ],
34 silly install resolved     dependencies:
34 silly install resolved      { 'coffee-script': '>=1.0.1',
34 silly install resolved        'jasmine-reporters': '~1.0.0',
34 silly install resolved        'jasmine-growl-reporter': '~0.0.2',
34 silly install resolved        requirejs: '>=0.27.1',
34 silly install resolved        walkdir: '>= 0.0.1',
34 silly install resolved        underscore: '>= 1.3.1',
34 silly install resolved        gaze: '~0.3.2',
34 silly install resolved        mkdirp: '~0.3.5' },
34 silly install resolved     bin: { 'jasmine-node': 'bin/jasmine-node' },
34 silly install resolved     preferGlobal: true,
34 silly install resolved     main: 'lib/jasmine-node',
34 silly install resolved     scripts: { test: 'node lib/jasmine-node/cli.js spec' },
34 silly install resolved     devDependencies: {},
34 silly install resolved     bugs: { url: 'https://github.com/mhevery/jasmine-node/issues' },
34 silly install resolved     _id: 'jasmine-node@1.14.5',
34 silly install resolved     _shasum: '18e8397b856924ee77003666c3731b5aea50c39d',
34 silly install resolved     _from: 'jasmine-node@*',
34 silly install resolved     _npmVersion: '1.4.9',
34 silly install resolved     _npmUser: { name: 'tebriel', email: 'tebriel@gmail.com' },
34 silly install resolved     dist:
34 silly install resolved      { shasum: '18e8397b856924ee77003666c3731b5aea50c39d',
34 silly install resolved        tarball: 'http://registry.npmjs.org/jasmine-node/-/jasmine-node-1.14.5.tgz' },
34 silly install resolved     directories: {},
34 silly install resolved     _resolved: 'https://registry.npmjs.org/jasmine-node/-/jasmine-node-1.14.5.tgz',
34 silly install resolved     readme: 'ERROR: No README data found!' } ]
35 info install jasmine-node@1.14.5 into /Users/ericdowty/exercism/javascript/bob
36 info installOne jasmine-node@1.14.5
37 verbose installOne of jasmine-node to /Users/ericdowty/exercism/javascript/bob not in flight; installing
38 warn locking Error: EACCES, open '/Users/ericdowty/.npm/_locks/jasmine-node-a8c9e4fb73f24ccd.lock'
38 warn locking     at Error (native)
38 warn locking  /Users/ericdowty/.npm/_locks/jasmine-node-a8c9e4fb73f24ccd.lock failed { [Error: EACCES, open '/Users/ericdowty/.npm/_locks/jasmine-node-a8c9e4fb73f24ccd.lock']
38 warn locking   errno: -13,
38 warn locking   code: 'EACCES',
38 warn locking   path: '/Users/ericdowty/.npm/_locks/jasmine-node-a8c9e4fb73f24ccd.lock' }
39 verbose stack Error: Attempt to unlock /Users/ericdowty/exercism/javascript/bob/node_modules/jasmine-node, which hasn't been locked
39 verbose stack     at unlock (/usr/local/lib/node_modules/npm/lib/utils/locker.js:66:11)
39 verbose stack     at cb (/usr/local/lib/node_modules/npm/lib/install.js:1004:5)
39 verbose stack     at /usr/local/lib/node_modules/npm/lib/install.js:1008:20
39 verbose stack     at /usr/local/lib/node_modules/npm/lib/utils/locker.js:40:9
39 verbose stack     at cb (/usr/local/lib/node_modules/npm/node_modules/lockfile/lockfile.js:149:38)
39 verbose stack     at /usr/local/lib/node_modules/npm/node_modules/lockfile/lockfile.js:177:38
39 verbose stack     at FSReqWrap.oncomplete (fs.js:95:15)
40 verbose cwd /Users/ericdowty/exercism/javascript/bob
41 error Darwin 14.1.0
42 error argv "node" "/usr/local/bin/npm" "install" "jasmine-node"
43 error node v0.12.2
44 error npm  v2.7.4
45 error Attempt to unlock /Users/ericdowty/exercism/javascript/bob/node_modules/jasmine-node, which hasn't been locked
46 error If you need help, you may report this error at:
46 error     <https://github.com/npm/npm/issues>
47 verbose exit [ 1, true ]
